[INFO] Tarea 25: HLS_CONFIG=256;256,128;512,256,128, N_FEATURES=128, N_JOBS=2, N_SAMPLES=5000
[INFO] Directorio de trabajo: /home/sebastian.lopez/HPC/3_ec01/run_ex5_20251020
[INFO] Ejecutando script: /home/sebastian.lopez/HPC/3_ec01/rnn_joblib_ex5.py
[INFO] Archivo de modelo: results_hls0_f128_j2_s5000_model.joblib
[INFO] Archivo de métricas: results_hls0_f128_j2_s5000_metrics.csv
[INFO] SLURM_CPUS_PER_TASK=32, n_jobs=2, backend=loky, inner_n_jobs=1

====== RESUMEN ENTRENAMIENTO ======
seed= 0 | acc=1.0000 | gs_time=13.667s | seed_total=13.673s | params={'mlpclassifier__alpha': 0.0001, 'mlpclassifier__hidden_layer_sizes': (256,), 'mlpclassifier__learning_rate_init': 0.001}
seed= 1 | acc=1.0000 | gs_time=13.444s | seed_total=13.450s | params={'mlpclassifier__alpha': 0.0001, 'mlpclassifier__hidden_layer_sizes': (256,), 'mlpclassifier__learning_rate_init': 0.001}
seed= 2 | acc=1.0000 | gs_time=13.388s | seed_total=13.393s | params={'mlpclassifier__alpha': 0.0001, 'mlpclassifier__hidden_layer_sizes': (256,), 'mlpclassifier__learning_rate_init': 0.001}
seed= 3 | acc=1.0000 | gs_time=13.644s | seed_total=13.649s | params={'mlpclassifier__alpha': 0.0001, 'mlpclassifier__hidden_layer_sizes': (256,), 'mlpclassifier__learning_rate_init': 0.001}
seed= 4 | acc=1.0000 | gs_time=13.445s | seed_total=13.450s | params={'mlpclassifier__alpha': 0.0001, 'mlpclassifier__hidden_layer_sizes': (256,), 'mlpclassifier__learning_rate_init': 0.001}
seed= 5 | acc=1.0000 | gs_time=13.662s | seed_total=13.667s | params={'mlpclassifier__alpha': 0.0001, 'mlpclassifier__hidden_layer_sizes': (256,), 'mlpclassifier__learning_rate_init': 0.001}
seed= 6 | acc=1.0000 | gs_time=13.438s | seed_total=13.443s | params={'mlpclassifier__alpha': 0.0001, 'mlpclassifier__hidden_layer_sizes': (256,), 'mlpclassifier__learning_rate_init': 0.001}
seed= 7 | acc=1.0000 | gs_time=13.685s | seed_total=13.689s | params={'mlpclassifier__alpha': 0.0001, 'mlpclassifier__hidden_layer_sizes': (256,), 'mlpclassifier__learning_rate_init': 0.001}
seed= 8 | acc=1.0000 | gs_time=13.443s | seed_total=13.448s | params={'mlpclassifier__alpha': 0.0001, 'mlpclassifier__hidden_layer_sizes': (256,), 'mlpclassifier__learning_rate_init': 0.001}
seed= 9 | acc=1.0000 | gs_time=13.669s | seed_total=13.673s | params={'mlpclassifier__alpha': 0.0001, 'mlpclassifier__hidden_layer_sizes': (256,), 'mlpclassifier__learning_rate_init': 0.001}
seed=10 | acc=1.0000 | gs_time=13.495s | seed_total=13.500s | params={'mlpclassifier__alpha': 0.0001, 'mlpclassifier__hidden_layer_sizes': (256,), 'mlpclassifier__learning_rate_init': 0.001}
seed=11 | acc=1.0000 | gs_time=13.545s | seed_total=13.550s | params={'mlpclassifier__alpha': 0.0001, 'mlpclassifier__hidden_layer_sizes': (256,), 'mlpclassifier__learning_rate_init': 0.001}
seed=12 | acc=1.0000 | gs_time=13.463s | seed_total=13.468s | params={'mlpclassifier__alpha': 0.0001, 'mlpclassifier__hidden_layer_sizes': (256,), 'mlpclassifier__learning_rate_init': 0.001}
seed=13 | acc=1.0000 | gs_time=13.566s | seed_total=13.571s | params={'mlpclassifier__alpha': 0.0001, 'mlpclassifier__hidden_layer_sizes': (256,), 'mlpclassifier__learning_rate_init': 0.001}
seed=14 | acc=1.0000 | gs_time=13.433s | seed_total=13.438s | params={'mlpclassifier__alpha': 0.0001, 'mlpclassifier__hidden_layer_sizes': (256,), 'mlpclassifier__learning_rate_init': 0.001}
seed=15 | acc=1.0000 | gs_time=13.571s | seed_total=13.575s | params={'mlpclassifier__alpha': 0.0001, 'mlpclassifier__hidden_layer_sizes': (256,), 'mlpclassifier__learning_rate_init': 0.001}
-----------------------------------
MEJOR: seed=0  acc=1.0000  params={'mlpclassifier__alpha': 0.0001, 'mlpclassifier__hidden_layer_sizes': (256,), 'mlpclassifier__learning_rate_init': 0.001}
TIEMPO TOTAL ENTRENAMIENTO (pared): 110.066 s
[OK] Modelo guardado en results_hls0_f128_j2_s5000_model.joblib
[OK] Métricas CSV: results_hls0_f128_j2_s5000_metrics.csv
