[INFO] Tarea 34: HLS_CONFIG=64;128;128,64, N_FEATURES=256, N_JOBS=16, N_SAMPLES=10000
[INFO] Directorio de trabajo: /home/sebastian.lopez/HPC/3_ec01/run_ex5_20251019
[INFO] Ejecutando script: /home/sebastian.lopez/HPC/3_ec01/rnn_joblib_ex5.py
[INFO] Archivo de modelo: results_hls1_f256_j16_s10000_model.joblib
[INFO] Archivo de métricas: results_hls1_f256_j16_s10000_metrics.csv
[INFO] SLURM_CPUS_PER_TASK=32, n_jobs=16, backend=loky, inner_n_jobs=1

====== RESUMEN ENTRENAMIENTO ======
seed= 0 | acc=1.0000 | gs_time=15.038s | seed_total=15.054s | params={'mlpclassifier__alpha': 0.0001, 'mlpclassifier__hidden_layer_sizes': (64,), 'mlpclassifier__learning_rate_init': 0.001}
seed= 1 | acc=1.0000 | gs_time=14.537s | seed_total=14.553s | params={'mlpclassifier__alpha': 0.0001, 'mlpclassifier__hidden_layer_sizes': (64,), 'mlpclassifier__learning_rate_init': 0.001}
seed= 2 | acc=1.0000 | gs_time=14.379s | seed_total=14.395s | params={'mlpclassifier__alpha': 0.0001, 'mlpclassifier__hidden_layer_sizes': (64,), 'mlpclassifier__learning_rate_init': 0.001}
seed= 3 | acc=1.0000 | gs_time=14.963s | seed_total=14.978s | params={'mlpclassifier__alpha': 0.0001, 'mlpclassifier__hidden_layer_sizes': (64,), 'mlpclassifier__learning_rate_init': 0.001}
seed= 4 | acc=1.0000 | gs_time=15.159s | seed_total=15.175s | params={'mlpclassifier__alpha': 0.0001, 'mlpclassifier__hidden_layer_sizes': (64,), 'mlpclassifier__learning_rate_init': 0.001}
seed= 5 | acc=1.0000 | gs_time=14.413s | seed_total=14.427s | params={'mlpclassifier__alpha': 0.0001, 'mlpclassifier__hidden_layer_sizes': (64,), 'mlpclassifier__learning_rate_init': 0.001}
seed= 6 | acc=1.0000 | gs_time=15.078s | seed_total=15.094s | params={'mlpclassifier__alpha': 0.0001, 'mlpclassifier__hidden_layer_sizes': (64,), 'mlpclassifier__learning_rate_init': 0.001}
seed= 7 | acc=1.0000 | gs_time=14.583s | seed_total=14.597s | params={'mlpclassifier__alpha': 0.0001, 'mlpclassifier__hidden_layer_sizes': (64,), 'mlpclassifier__learning_rate_init': 0.001}
seed= 8 | acc=1.0000 | gs_time=14.518s | seed_total=14.534s | params={'mlpclassifier__alpha': 0.0001, 'mlpclassifier__hidden_layer_sizes': (64,), 'mlpclassifier__learning_rate_init': 0.001}
seed= 9 | acc=1.0000 | gs_time=14.563s | seed_total=14.578s | params={'mlpclassifier__alpha': 0.0001, 'mlpclassifier__hidden_layer_sizes': (64,), 'mlpclassifier__learning_rate_init': 0.001}
seed=10 | acc=1.0000 | gs_time=15.199s | seed_total=15.214s | params={'mlpclassifier__alpha': 0.0001, 'mlpclassifier__hidden_layer_sizes': (64,), 'mlpclassifier__learning_rate_init': 0.001}
seed=11 | acc=1.0000 | gs_time=15.011s | seed_total=15.027s | params={'mlpclassifier__alpha': 0.0001, 'mlpclassifier__hidden_layer_sizes': (64,), 'mlpclassifier__learning_rate_init': 0.001}
seed=12 | acc=1.0000 | gs_time=15.065s | seed_total=15.080s | params={'mlpclassifier__alpha': 0.0001, 'mlpclassifier__hidden_layer_sizes': (64,), 'mlpclassifier__learning_rate_init': 0.001}
seed=13 | acc=1.0000 | gs_time=14.410s | seed_total=14.425s | params={'mlpclassifier__alpha': 0.0001, 'mlpclassifier__hidden_layer_sizes': (64,), 'mlpclassifier__learning_rate_init': 0.001}
seed=14 | acc=1.0000 | gs_time=14.554s | seed_total=14.571s | params={'mlpclassifier__alpha': 0.0001, 'mlpclassifier__hidden_layer_sizes': (64,), 'mlpclassifier__learning_rate_init': 0.001}
seed=15 | acc=1.0000 | gs_time=15.159s | seed_total=15.176s | params={'mlpclassifier__alpha': 0.0001, 'mlpclassifier__hidden_layer_sizes': (64,), 'mlpclassifier__learning_rate_init': 0.001}
-----------------------------------
MEJOR: seed=0  acc=1.0000  params={'mlpclassifier__alpha': 0.0001, 'mlpclassifier__hidden_layer_sizes': (64,), 'mlpclassifier__learning_rate_init': 0.001}
TIEMPO TOTAL ENTRENAMIENTO (pared): 16.239 s
[OK] Modelo guardado en results_hls1_f256_j16_s10000_model.joblib
[OK] Métricas CSV: results_hls1_f256_j16_s10000_metrics.csv
