[INFO] Tarea 2: HLS_CONFIG=256;256,128;512,256,128, N_FEATURES=64, N_JOBS=4, N_SAMPLES=10000
[INFO] Directorio de trabajo: /home/sebastian.lopez/HPC/3_ec01/run_ex5_20251019
[INFO] Ejecutando script: /home/sebastian.lopez/HPC/3_ec01/rnn_joblib_ex5.py
[INFO] Archivo de modelo: results_hls0_f64_j4_s10000_model.joblib
[INFO] Archivo de métricas: results_hls0_f64_j4_s10000_metrics.csv
[INFO] SLURM_CPUS_PER_TASK=32, n_jobs=4, backend=loky, inner_n_jobs=1

====== RESUMEN ENTRENAMIENTO ======
seed= 0 | acc=1.0000 | gs_time=25.440s | seed_total=25.448s | params={'mlpclassifier__alpha': 0.0001, 'mlpclassifier__hidden_layer_sizes': (256,), 'mlpclassifier__learning_rate_init': 0.001}
seed= 1 | acc=1.0000 | gs_time=24.853s | seed_total=24.861s | params={'mlpclassifier__alpha': 0.0001, 'mlpclassifier__hidden_layer_sizes': (256,), 'mlpclassifier__learning_rate_init': 0.001}
seed= 2 | acc=1.0000 | gs_time=25.474s | seed_total=25.482s | params={'mlpclassifier__alpha': 0.0001, 'mlpclassifier__hidden_layer_sizes': (256,), 'mlpclassifier__learning_rate_init': 0.001}
seed= 3 | acc=1.0000 | gs_time=25.887s | seed_total=25.895s | params={'mlpclassifier__alpha': 0.0001, 'mlpclassifier__hidden_layer_sizes': (256,), 'mlpclassifier__learning_rate_init': 0.001}
seed= 4 | acc=1.0000 | gs_time=24.839s | seed_total=24.846s | params={'mlpclassifier__alpha': 0.0001, 'mlpclassifier__hidden_layer_sizes': (256,), 'mlpclassifier__learning_rate_init': 0.001}
seed= 5 | acc=1.0000 | gs_time=25.461s | seed_total=25.468s | params={'mlpclassifier__alpha': 0.0001, 'mlpclassifier__hidden_layer_sizes': (256,), 'mlpclassifier__learning_rate_init': 0.001}
seed= 6 | acc=1.0000 | gs_time=25.227s | seed_total=25.234s | params={'mlpclassifier__alpha': 0.0001, 'mlpclassifier__hidden_layer_sizes': (256,), 'mlpclassifier__learning_rate_init': 0.001}
seed= 7 | acc=1.0000 | gs_time=25.670s | seed_total=25.677s | params={'mlpclassifier__alpha': 0.0001, 'mlpclassifier__hidden_layer_sizes': (256,), 'mlpclassifier__learning_rate_init': 0.001}
seed= 8 | acc=1.0000 | gs_time=24.684s | seed_total=24.690s | params={'mlpclassifier__alpha': 0.0001, 'mlpclassifier__hidden_layer_sizes': (256,), 'mlpclassifier__learning_rate_init': 0.001}
seed= 9 | acc=1.0000 | gs_time=25.358s | seed_total=25.365s | params={'mlpclassifier__alpha': 0.0001, 'mlpclassifier__hidden_layer_sizes': (256,), 'mlpclassifier__learning_rate_init': 0.001}
seed=10 | acc=1.0000 | gs_time=25.473s | seed_total=25.480s | params={'mlpclassifier__alpha': 0.0001, 'mlpclassifier__hidden_layer_sizes': (256,), 'mlpclassifier__learning_rate_init': 0.001}
seed=11 | acc=1.0000 | gs_time=25.721s | seed_total=25.728s | params={'mlpclassifier__alpha': 0.0001, 'mlpclassifier__hidden_layer_sizes': (256,), 'mlpclassifier__learning_rate_init': 0.001}
seed=12 | acc=1.0000 | gs_time=24.840s | seed_total=24.847s | params={'mlpclassifier__alpha': 0.0001, 'mlpclassifier__hidden_layer_sizes': (256,), 'mlpclassifier__learning_rate_init': 0.001}
seed=13 | acc=1.0000 | gs_time=25.151s | seed_total=25.158s | params={'mlpclassifier__alpha': 0.0001, 'mlpclassifier__hidden_layer_sizes': (256,), 'mlpclassifier__learning_rate_init': 0.001}
seed=14 | acc=1.0000 | gs_time=25.462s | seed_total=25.469s | params={'mlpclassifier__alpha': 0.0001, 'mlpclassifier__hidden_layer_sizes': (256,), 'mlpclassifier__learning_rate_init': 0.001}
seed=15 | acc=1.0000 | gs_time=25.553s | seed_total=25.559s | params={'mlpclassifier__alpha': 0.0001, 'mlpclassifier__hidden_layer_sizes': (256,), 'mlpclassifier__learning_rate_init': 0.001}
-----------------------------------
MEJOR: seed=0  acc=1.0000  params={'mlpclassifier__alpha': 0.0001, 'mlpclassifier__hidden_layer_sizes': (256,), 'mlpclassifier__learning_rate_init': 0.001}
TIEMPO TOTAL ENTRENAMIENTO (pared): 103.814 s
[OK] Modelo guardado en results_hls0_f64_j4_s10000_model.joblib
[OK] Métricas CSV: results_hls0_f64_j4_s10000_metrics.csv
