[INFO] Tarea 20: N_FEATURES=64, N_JOBS=4, N_SAMPLES=40000
[INFO] Directorio de trabajo: /home/sebastian.lopez/HPC/3_ec01/run_2025101814
[INFO] Ejecutando script: /home/sebastian.lopez/HPC/3_ec01/rnn_joblib_ex5.py
[INFO] Archivo de modelo: results_f64_j4_s40000_model.joblib
[INFO] Archivo de métricas: results_f64_j4_s40000_metrics.csv
[INFO] SLURM_CPUS_PER_TASK=32, n_jobs=4, backend=loky, inner_n_jobs=1

====== RESUMEN ENTRENAMIENTO ======
seed= 0 | acc=1.0000 | gs_time=84.225s | seed_total=84.253s | params={'mlpclassifier__alpha': 0.0001, 'mlpclassifier__hidden_layer_sizes': (256,), 'mlpclassifier__learning_rate_init': 0.001}
seed= 1 | acc=1.0000 | gs_time=83.567s | seed_total=83.594s | params={'mlpclassifier__alpha': 0.0001, 'mlpclassifier__hidden_layer_sizes': (256,), 'mlpclassifier__learning_rate_init': 0.001}
seed= 2 | acc=1.0000 | gs_time=85.002s | seed_total=85.029s | params={'mlpclassifier__alpha': 0.0001, 'mlpclassifier__hidden_layer_sizes': (256,), 'mlpclassifier__learning_rate_init': 0.001}
seed= 3 | acc=1.0000 | gs_time=86.395s | seed_total=86.422s | params={'mlpclassifier__alpha': 0.0001, 'mlpclassifier__hidden_layer_sizes': (256,), 'mlpclassifier__learning_rate_init': 0.001}
seed= 4 | acc=1.0000 | gs_time=83.316s | seed_total=83.339s | params={'mlpclassifier__alpha': 0.0001, 'mlpclassifier__hidden_layer_sizes': (256,), 'mlpclassifier__learning_rate_init': 0.001}
seed= 5 | acc=1.0000 | gs_time=83.766s | seed_total=83.789s | params={'mlpclassifier__alpha': 0.0001, 'mlpclassifier__hidden_layer_sizes': (256,), 'mlpclassifier__learning_rate_init': 0.001}
seed= 6 | acc=1.0000 | gs_time=85.426s | seed_total=85.449s | params={'mlpclassifier__alpha': 0.0001, 'mlpclassifier__hidden_layer_sizes': (256,), 'mlpclassifier__learning_rate_init': 0.001}
seed= 7 | acc=1.0000 | gs_time=86.118s | seed_total=86.139s | params={'mlpclassifier__alpha': 0.0001, 'mlpclassifier__hidden_layer_sizes': (256,), 'mlpclassifier__learning_rate_init': 0.001}
seed= 8 | acc=1.0000 | gs_time=83.119s | seed_total=83.142s | params={'mlpclassifier__alpha': 0.0001, 'mlpclassifier__hidden_layer_sizes': (256,), 'mlpclassifier__learning_rate_init': 0.001}
seed= 9 | acc=1.0000 | gs_time=83.790s | seed_total=83.813s | params={'mlpclassifier__alpha': 0.0001, 'mlpclassifier__hidden_layer_sizes': (256,), 'mlpclassifier__learning_rate_init': 0.001}
seed=10 | acc=1.0000 | gs_time=85.142s | seed_total=85.165s | params={'mlpclassifier__alpha': 0.0001, 'mlpclassifier__hidden_layer_sizes': (256,), 'mlpclassifier__learning_rate_init': 0.001}
seed=11 | acc=1.0000 | gs_time=85.894s | seed_total=85.916s | params={'mlpclassifier__alpha': 0.0001, 'mlpclassifier__hidden_layer_sizes': (256,), 'mlpclassifier__learning_rate_init': 0.001}
seed=12 | acc=1.0000 | gs_time=83.002s | seed_total=83.025s | params={'mlpclassifier__alpha': 0.0001, 'mlpclassifier__hidden_layer_sizes': (256,), 'mlpclassifier__learning_rate_init': 0.001}
seed=13 | acc=1.0000 | gs_time=83.693s | seed_total=83.716s | params={'mlpclassifier__alpha': 0.0001, 'mlpclassifier__hidden_layer_sizes': (256,), 'mlpclassifier__learning_rate_init': 0.001}
seed=14 | acc=1.0000 | gs_time=85.388s | seed_total=85.412s | params={'mlpclassifier__alpha': 0.0001, 'mlpclassifier__hidden_layer_sizes': (256,), 'mlpclassifier__learning_rate_init': 0.001}
seed=15 | acc=1.0000 | gs_time=86.034s | seed_total=86.055s | params={'mlpclassifier__alpha': 0.0001, 'mlpclassifier__hidden_layer_sizes': (256,), 'mlpclassifier__learning_rate_init': 0.001}
-----------------------------------
MEJOR: seed=0  acc=1.0000  params={'mlpclassifier__alpha': 0.0001, 'mlpclassifier__hidden_layer_sizes': (256,), 'mlpclassifier__learning_rate_init': 0.001}
TIEMPO TOTAL ENTRENAMIENTO (pared): 345.488 s
[OK] Modelo guardado en results_f64_j4_s40000_model.joblib
[OK] Métricas CSV: results_f64_j4_s40000_metrics.csv
