[INFO] Tarea 16: N_FEATURES=64, N_JOBS=16, N_SAMPLES=20000
[INFO] Directorio de trabajo: /home/sebastian.lopez/HPC/3_ec01/run_2025101811
[INFO] Ejecutando script: /home/sebastian.lopez/HPC/3_ec01/rnn_joblib_ex5.py
[INFO] Archivo de modelo: results_f64_j16_s20000_model.joblib
[INFO] Archivo de métricas: results_f64_j16_s20000_metrics.csv
[INFO] SLURM_CPUS_PER_TASK=32, n_jobs=16, backend=loky, inner_n_jobs=1

====== RESUMEN ENTRENAMIENTO ======
seed= 0 | acc=1.0000 | gs_time=68.811s | seed_total=68.828s | params={'mlpclassifier__alpha': 0.0001, 'mlpclassifier__hidden_layer_sizes': (256,), 'mlpclassifier__learning_rate_init': 0.001}
seed= 1 | acc=1.0000 | gs_time=69.056s | seed_total=69.073s | params={'mlpclassifier__alpha': 0.0001, 'mlpclassifier__hidden_layer_sizes': (256,), 'mlpclassifier__learning_rate_init': 0.001}
seed= 2 | acc=1.0000 | gs_time=75.286s | seed_total=75.302s | params={'mlpclassifier__alpha': 0.0001, 'mlpclassifier__hidden_layer_sizes': (256,), 'mlpclassifier__learning_rate_init': 0.001}
seed= 3 | acc=1.0000 | gs_time=69.142s | seed_total=69.158s | params={'mlpclassifier__alpha': 0.0001, 'mlpclassifier__hidden_layer_sizes': (256,), 'mlpclassifier__learning_rate_init': 0.001}
seed= 4 | acc=1.0000 | gs_time=69.507s | seed_total=69.524s | params={'mlpclassifier__alpha': 0.0001, 'mlpclassifier__hidden_layer_sizes': (256,), 'mlpclassifier__learning_rate_init': 0.001}
seed= 5 | acc=1.0000 | gs_time=75.394s | seed_total=75.410s | params={'mlpclassifier__alpha': 0.0001, 'mlpclassifier__hidden_layer_sizes': (256,), 'mlpclassifier__learning_rate_init': 0.001}
seed= 6 | acc=1.0000 | gs_time=74.420s | seed_total=74.438s | params={'mlpclassifier__alpha': 0.0001, 'mlpclassifier__hidden_layer_sizes': (256,), 'mlpclassifier__learning_rate_init': 0.001}
seed= 7 | acc=1.0000 | gs_time=75.089s | seed_total=75.105s | params={'mlpclassifier__alpha': 0.0001, 'mlpclassifier__hidden_layer_sizes': (256,), 'mlpclassifier__learning_rate_init': 0.001}
seed= 8 | acc=1.0000 | gs_time=74.929s | seed_total=74.946s | params={'mlpclassifier__alpha': 0.0001, 'mlpclassifier__hidden_layer_sizes': (256,), 'mlpclassifier__learning_rate_init': 0.001}
seed= 9 | acc=1.0000 | gs_time=75.255s | seed_total=75.271s | params={'mlpclassifier__alpha': 0.0001, 'mlpclassifier__hidden_layer_sizes': (256,), 'mlpclassifier__learning_rate_init': 0.001}
seed=10 | acc=1.0000 | gs_time=75.647s | seed_total=75.665s | params={'mlpclassifier__alpha': 0.0001, 'mlpclassifier__hidden_layer_sizes': (256,), 'mlpclassifier__learning_rate_init': 0.001}
seed=11 | acc=1.0000 | gs_time=68.404s | seed_total=68.421s | params={'mlpclassifier__alpha': 0.0001, 'mlpclassifier__hidden_layer_sizes': (256,), 'mlpclassifier__learning_rate_init': 0.001}
seed=12 | acc=1.0000 | gs_time=69.470s | seed_total=69.488s | params={'mlpclassifier__alpha': 0.0001, 'mlpclassifier__hidden_layer_sizes': (256,), 'mlpclassifier__learning_rate_init': 0.001}
seed=13 | acc=1.0000 | gs_time=68.911s | seed_total=68.928s | params={'mlpclassifier__alpha': 0.0001, 'mlpclassifier__hidden_layer_sizes': (256,), 'mlpclassifier__learning_rate_init': 0.001}
seed=14 | acc=1.0000 | gs_time=69.575s | seed_total=69.592s | params={'mlpclassifier__alpha': 0.0001, 'mlpclassifier__hidden_layer_sizes': (256,), 'mlpclassifier__learning_rate_init': 0.001}
seed=15 | acc=1.0000 | gs_time=75.443s | seed_total=75.458s | params={'mlpclassifier__alpha': 0.0001, 'mlpclassifier__hidden_layer_sizes': (256,), 'mlpclassifier__learning_rate_init': 0.001}
-----------------------------------
MEJOR: seed=0  acc=1.0000  params={'mlpclassifier__alpha': 0.0001, 'mlpclassifier__hidden_layer_sizes': (256,), 'mlpclassifier__learning_rate_init': 0.001}
TIEMPO TOTAL ENTRENAMIENTO (pared): 76.699 s
[OK] Modelo guardado en results_f64_j16_s20000_model.joblib
[OK] Métricas CSV: results_f64_j16_s20000_metrics.csv
